# JRE version: Java(TM) SE Runtime Environment (21.0.8+12) (build 21.0.8+12-LTS-250)
# Java VM: Java HotSpot(TM) 64-Bit Server VM (21.0.8+12-LTS-250, mixed mode, sharing, tiered, compressed oops, compressed class ptrs, g1 gc, windows-amd64)
GC Precious Log:
 CardTable entry size: 512
 Card Set container configuration: InlinePtr #cards 4 size 8 Array Of Cards #cards 16 size 48 Howl #buckets 8 coarsen threshold 3686 Howl Bitmap #cards 512 size 80 coarsen threshold 460 Card regions per heap region 1 cards per card region 4096
 CPUs: 8 total, 8 available
 Memory: 14267M
 Large Page Support: Disabled
 NUMA Support: Disabled
 Compressed Oops: Enabled (Zero based)
 Heap Region Size: 2M
 Heap Min Capacity: 8M
 Heap Initial Capacity: 224M
 Heap Max Capacity: 3568M
 Pre-touch: Disabled
 Parallel Workers: 8
 Concurrent Workers: 2
 Concurrent Refinement Workers: 8
 Periodic GC: Disabled
Heap:
 garbage-first heap   total 61440K, used 30146K [0x0000000721000000, 0x0000000800000000)
  region size 2048K, 4 young (8192K), 2 survivors (4096K)
 Metaspace       used 59807K, committed 60544K, reserved 1114112K
  class space    used 8056K, committed 8384K, reserved 1048576K
GC Heap History (20 events):
Event: 1.069 GC heap before
{Heap before GC invocations=0 (full 0):
 garbage-first heap   total 229376K, used 20480K [0x0000000721000000, 0x0000000800000000)
  region size 2048K, 11 young (22528K), 0 survivors (0K)
 Metaspace       used 5389K, committed 5632K, reserved 1114112K
  class space    used 609K, committed 768K, reserved 1048576K
}
Event: 1.074 GC heap after
{Heap after GC invocations=1 (full 0):
 garbage-first heap   total 229376K, used 7639K [0x0000000721000000, 0x0000000800000000)
  region size 2048K, 2 young (4096K), 2 survivors (4096K)
 Metaspace       used 5389K, committed 5632K, reserved 1114112K
  class space    used 609K, committed 768K, reserved 1048576K
}
Event: 1.761 GC heap before
{Heap before GC invocations=1 (full 0):
 garbage-first heap   total 229376K, used 34263K [0x0000000721000000, 0x0000000800000000)
  region size 2048K, 15 young (30720K), 2 survivors (4096K)
 Metaspace       used 12301K, committed 12608K, reserved 1114112K
  class space    used 1484K, committed 1600K, reserved 1048576K
}
Event: 1.766 GC heap after
{Heap after GC invocations=2 (full 0):
 garbage-first heap   total 229376K, used 10196K [0x0000000721000000, 0x0000000800000000)
  region size 2048K, 2 young (4096K), 2 survivors (4096K)
 Metaspace       used 12301K, committed 12608K, reserved 1114112K
  class space    used 1484K, committed 1600K, reserved 1048576K
}
Event: 3.439 GC heap before
{Heap before GC invocations=2 (full 0):
 garbage-first heap   total 229376K, used 59348K [0x0000000721000000, 0x0000000800000000)
  region size 2048K, 27 young (55296K), 2 survivors (4096K)
 Metaspace       used 21125K, committed 21504K, reserved 1114112K
  class space    used 2574K, committed 2752K, reserved 1048576K
}
Event: 3.447 GC heap after
{Heap after GC invocations=3 (full 0):
 garbage-first heap   total 229376K, used 14517K [0x0000000721000000, 0x0000000800000000)
  region size 2048K, 4 young (8192K), 4 survivors (8192K)
 Metaspace       used 21125K, committed 21504K, reserved 1114112K
  class space    used 2574K, committed 2752K, reserved 1048576K
}
Event: 4.652 GC heap before
{Heap before GC invocations=4 (full 0):
 garbage-first heap   total 61440K, used 43189K [0x0000000721000000, 0x0000000800000000)
  region size 2048K, 18 young (36864K), 4 survivors (8192K)
 Metaspace       used 26188K, committed 26624K, reserved 1114112K
  class space    used 3299K, committed 3520K, reserved 1048576K
}
Event: 4.665 GC heap after
{Heap after GC invocations=5 (full 0):
 garbage-first heap   total 61440K, used 17718K [0x0000000721000000, 0x0000000800000000)
  region size 2048K, 2 young (4096K), 2 survivors (4096K)
 Metaspace       used 26188K, committed 26624K, reserved 1114112K
  class space    used 3299K, committed 3520K, reserved 1048576K
}
Event: 6.060 GC heap before
{Heap before GC invocations=5 (full 0):
 garbage-first heap   total 61440K, used 44342K [0x0000000721000000, 0x0000000800000000)
  region size 2048K, 15 young (30720K), 2 survivors (4096K)
 Metaspace       used 33507K, committed 34048K, reserved 1114112K
  class space    used 4153K, committed 4416K, reserved 1048576K
}
Event: 6.066 GC heap after
{Heap after GC invocations=6 (full 0):
 garbage-first heap   total 61440K, used 20551K [0x0000000721000000, 0x0000000800000000)
  region size 2048K, 2 young (4096K), 2 survivors (4096K)
 Metaspace       used 33507K, committed 34048K, reserved 1114112K
  class space    used 4153K, committed 4416K, reserved 1048576K
}
Event: 6.774 GC heap before
{Heap before GC invocations=6 (full 0):
 garbage-first heap   total 61440K, used 26695K [0x0000000721000000, 0x0000000800000000)
  region size 2048K, 6 young (12288K), 2 survivors (4096K)
 Metaspace       used 35483K, committed 35968K, reserved 1114112K
  class space    used 4400K, committed 4608K, reserved 1048576K
}
Event: 6.777 GC heap after
{Heap after GC invocations=7 (full 0):
 garbage-first heap   total 61440K, used 20975K [0x0000000721000000, 0x0000000800000000)
  region size 2048K, 1 young (2048K), 1 survivors (2048K)
 Metaspace       used 35483K, committed 35968K, reserved 1114112K
  class space    used 4400K, committed 4608K, reserved 1048576K
}
Event: 8.852 GC heap before
{Heap before GC invocations=8 (full 0):
 garbage-first heap   total 61440K, used 47599K [0x0000000721000000, 0x0000000800000000)
  region size 2048K, 14 young (28672K), 1 survivors (2048K)
 Metaspace       used 42431K, committed 42944K, reserved 1114112K
  class space    used 5524K, committed 5760K, reserved 1048576K
}
Event: 8.855 GC heap after
{Heap after GC invocations=9 (full 0):
 garbage-first heap   total 61440K, used 22353K [0x0000000721000000, 0x0000000800000000)
  region size 2048K, 1 young (2048K), 1 survivors (2048K)
 Metaspace       used 42431K, committed 42944K, reserved 1114112K
  class space    used 5524K, committed 5760K, reserved 1048576K
}
Event: 9.879 GC heap before
{Heap before GC invocations=9 (full 0):
 garbage-first heap   total 61440K, used 48977K [0x0000000721000000, 0x0000000800000000)
  region size 2048K, 15 young (30720K), 1 survivors (2048K)
 Metaspace       used 50910K, committed 51520K, reserved 1114112K
  class space    used 6781K, committed 7040K, reserved 1048576K
}
Event: 9.882 GC heap after
{Heap after GC invocations=10 (full 0):
 garbage-first heap   total 61440K, used 23503K [0x0000000721000000, 0x0000000800000000)
  region size 2048K, 2 young (4096K), 2 survivors (4096K)
 Metaspace       used 50910K, committed 51520K, reserved 1114112K
  class space    used 6781K, committed 7040K, reserved 1048576K
}
Event: 11.175 GC heap before
{Heap before GC invocations=10 (full 0):
 garbage-first heap   total 61440K, used 50127K [0x0000000721000000, 0x0000000800000000)
  region size 2048K, 16 young (32768K), 2 survivors (4096K)
 Metaspace       used 56816K, committed 57408K, reserved 1114112K
  class space    used 7625K, committed 7872K, reserved 1048576K
}
Event: 11.180 GC heap after
{Heap after GC invocations=11 (full 0):
 garbage-first heap   total 61440K, used 25829K [0x0000000721000000, 0x0000000800000000)
  region size 2048K, 2 young (4096K), 2 survivors (4096K)
 Metaspace       used 56816K, committed 57408K, reserved 1114112K
  class space    used 7625K, committed 7872K, reserved 1048576K
}
Event: 11.903 GC heap before
{Heap before GC invocations=11 (full 0):
 garbage-first heap   total 61440K, used 44261K [0x0000000721000000, 0x0000000800000000)
  region size 2048K, 12 young (24576K), 2 survivors (4096K)
 Metaspace       used 59514K, committed 60160K, reserved 1114112K
  class space    used 7979K, committed 8320K, reserved 1048576K
}
Event: 11.908 GC heap after
{Heap after GC invocations=12 (full 0):
 garbage-first heap   total 61440K, used 28098K [0x0000000721000000, 0x0000000800000000)
  region size 2048K, 2 young (4096K), 2 survivors (4096K)
 Metaspace       used 59514K, committed 60160K, reserved 1114112K
  class space    used 7979K, committed 8320K, reserved 1048576K
}

